<?xml version="1.0" encoding="UTF-8"?>
<testng-results ignored="0" total="0" passed="0" failed="0" skipped="0">
  <reporter-output>
  </reporter-output>
  <suite started-at="2021-03-08T16:18:56 ICT" name="TestAppSauceLab" finished-at="2021-03-08T16:18:56 ICT" duration-ms="4">
    <groups>
    </groups>
    <test started-at="2021-03-08T16:18:56 ICT" name="Command line test" finished-at="2021-03-08T16:18:56 ICT" duration-ms="4">
    </test> <!-- Command line test -->
  </suite> <!-- TestAppSauceLab -->
</testng-results>
